Configuration file: D:/old/55. 오픈소스/LC_PRS/Jay1127.github.io/_config.yml
            Source: D:/old/55. 오픈소스/LC_PRS/Jay1127.github.io
       Destination: D:/old/55. 오픈소스/LC_PRS/Jay1127.github.io/_site
 Incremental build: disabled. Enable with --incremental
      Generating... 
       Jekyll Feed: Generating feed for posts
                    done in 2.258 seconds.
 Auto-regeneration: enabled for 'D:/old/55. 오픈소스/LC_PRS/Jay1127.github.io'
LiveReload address: http://127.0.0.1:35729
    Server address: http://127.0.0.1:4000
  Server running... press ctrl-c to stop.
      Regenerating: 1 file(s) changed at 2026-04-17 15:59:39
                    jekyll-serve.out.log
       Jekyll Feed: Generating feed for posts
                    ...done in 1.7267627 seconds.
                    
      Regenerating: 1 file(s) changed at 2026-04-17 15:59:41
                    jekyll-serve.out.log
       Jekyll Feed: Generating feed for posts
                    ...done in 0.9853919 seconds.
                    
      Regenerating: 2 file(s) changed at 2026-04-17 15:59:42
                    jekyll-serve.err.log
                    jekyll-serve.out.log
       Jekyll Feed: Generating feed for posts
                    ...done in 0.9690955 seconds.
                    
      Regenerating: 2 file(s) changed at 2026-04-17 15:59:43
                    jekyll-serve.err.log
                    jekyll-serve.out.log
       Jekyll Feed: Generating feed for posts
                    ...done in 0.9493455 seconds.
                    
      Regenerating: 2 file(s) changed at 2026-04-17 15:59:44
                    jekyll-serve.err.log
                    jekyll-serve.out.log
       Jekyll Feed: Generating feed for posts
                    ...done in 0.9485884 seconds.
                    
      Regenerating: 2 file(s) changed at 2026-04-17 15:59:45
                    jekyll-serve.err.log
                    jekyll-serve.out.log
       Jekyll Feed: Generating feed for posts
                    ...done in 1.0045529 seconds.
                    
      Regenerating: 2 file(s) changed at 2026-04-17 15:59:46
                    jekyll-serve.err.log
                    jekyll-serve.out.log
       Jekyll Feed: Generating feed for posts
                    ...done in 1.1692245 seconds.
                    
      Regenerating: 2 file(s) changed at 2026-04-17 15:59:47
                    jekyll-serve.err.log
                    jekyll-serve.out.log
       Jekyll Feed: Generating feed for posts
                    ...done in 0.9452381 seconds.
                    
      Regenerating: 2 file(s) changed at 2026-04-17 15:59:48
                    jekyll-serve.err.log
                    jekyll-serve.out.log
       Jekyll Feed: Generating feed for posts
                    ...done in 0.9309329 seconds.
                    
      Regenerating: 2 file(s) changed at 2026-04-17 15:59:49
                    jekyll-serve.err.log
                    jekyll-serve.out.log
       Jekyll Feed: Generating feed for posts
                    ...done in 0.9630259 seconds.
                    
      Regenerating: 2 file(s) changed at 2026-04-17 15:59:50
                    jekyll-serve.err.log
                    jekyll-serve.out.log
       Jekyll Feed: Generating feed for posts
                    ...done in 0.9546153 seconds.
                    
      Regenerating: 2 file(s) changed at 2026-04-17 15:59:51
                    jekyll-serve.err.log
                    jekyll-serve.out.log
       Jekyll Feed: Generating feed for posts
                    ...done in 0.9479405 seconds.
                    
      Regenerating: 2 file(s) changed at 2026-04-17 15:59:52
                    jekyll-serve.err.log
                    jekyll-serve.out.log
       Jekyll Feed: Generating feed for posts
                    ...done in 0.9735795 seconds.
                    
      Regenerating: 2 file(s) changed at 2026-04-17 15:59:53
                    jekyll-serve.err.log
                    jekyll-serve.out.log
       Jekyll Feed: Generating feed for posts
                    ...done in 1.0370756 seconds.
                    
      Regenerating: 2 file(s) changed at 2026-04-17 15:59:55
                    jekyll-serve.err.log
                    jekyll-serve.out.log
       Jekyll Feed: Generating feed for posts
                    ...done in 0.93766 seconds.
                    
      Regenerating: 2 file(s) changed at 2026-04-17 15:59:56
                    jekyll-serve.err.log
                    jekyll-serve.out.log
       Jekyll Feed: Generating feed for posts
                    ...done in 0.9683304 seconds.
                    
      Regenerating: 2 file(s) changed at 2026-04-17 15:59:57
                    jekyll-serve.err.log
                    jekyll-serve.out.log
       Jekyll Feed: Generating feed for posts
                    ...done in 0.9909585 seconds.
                    
      Regenerating: 2 file(s) changed at 2026-04-17 15:59:58
                    jekyll-serve.err.log
                    jekyll-serve.out.log
       Jekyll Feed: Generating feed for posts
                    ...done in 0.9547887 seconds.
                    
      Regenerating: 2 file(s) changed at 2026-04-17 15:59:59
                    jekyll-serve.err.log
                    jekyll-serve.out.log
       Jekyll Feed: Generating feed for posts
                    ...done in 0.9649329 seconds.
                    
      Regenerating: 2 file(s) changed at 2026-04-17 16:00:00
                    jekyll-serve.err.log
                    jekyll-serve.out.log
       Jekyll Feed: Generating feed for posts
                    ...done in 1.0634701 seconds.
                    
      Regenerating: 2 file(s) changed at 2026-04-17 16:00:01
                    jekyll-serve.err.log
                    jekyll-serve.out.log
       Jekyll Feed: Generating feed for posts
                    ...done in 1.0430284 seconds.
                    
      Regenerating: 2 file(s) changed at 2026-04-17 16:00:02
                    jekyll-serve.err.log
                    jekyll-serve.out.log
       Jekyll Feed: Generating feed for posts
                    ...done in 0.9517568 seconds.
                    
      Regenerating: 2 file(s) changed at 2026-04-17 16:00:03
                    jekyll-serve.err.log
                    jekyll-serve.out.log
       Jekyll Feed: Generating feed for posts
                    ...done in 1.0199717 seconds.
                    
      Regenerating: 2 file(s) changed at 2026-04-17 16:00:04
                    jekyll-serve.err.log
                    jekyll-serve.out.log
       Jekyll Feed: Generating feed for posts
                    ...done in 0.9660584 seconds.
                    
      Regenerating: 2 file(s) changed at 2026-04-17 16:00:05
                    jekyll-serve.err.log
                    jekyll-serve.out.log
       Jekyll Feed: Generating feed for posts
